test_qlibrary_short_to_ground_component_metadata (__main__.TestComponentFunctionality.test_qlibrary_short_to_ground_component_metadata)
Test component_metadata in component/short_to_ground.py. ... ok
test_qlibrary_squid_loop_component_metadata (__main__.TestComponentFunctionality.test_qlibrary_squid_loop_component_metadata)
Test component_metadata in qubits.squid_loop.py. ... ok
test_qlibrary_star_qubit_component_metadata (__main__.TestComponentFunctionality.test_qlibrary_star_qubit_component_metadata)
Test component_metadata in qubits.transmon_cross.py. ... ok
test_qlibrary_straight_path_component_metadata (__main__.TestComponentFunctionality.test_qlibrary_straight_path_component_metadata)
Test component_metadata in tlines/straight_path.py. ... ok
test_qlibrary_template_component_metadata (__main__.TestComponentFunctionality.test_qlibrary_template_component_metadata)
Test component_metadata in _template.py. ... ok
test_qlibrary_transmon_coupler_01_component_metadata (__main__.TestComponentFunctionality.test_qlibrary_transmon_coupler_01_component_metadata)
Test component_metadata in qubits.tunable_coupler_01.py. ... ok
test_qlibrary_transmon_cross_component_metadata (__main__.TestComponentFunctionality.test_qlibrary_transmon_cross_component_metadata)
Test component_metadata in qubits.transmon_cross.py. ... ok
test_qlibrary_transmon_cross_fl_component_metadata (__main__.TestComponentFunctionality.test_qlibrary_transmon_cross_fl_component_metadata)
Test component_metadata in qubits.transmon_cross_fl.py. ... ok
test_qlibrary_transmon_pocket_6_component_metadata (__main__.TestComponentFunctionality.test_qlibrary_transmon_pocket_6_component_metadata)
Test component_metadata in qubits.transmon_pcket_6.py. ... ok
test_qlibrary_transmon_pocket_cl_component_metadata (__main__.TestComponentFunctionality.test_qlibrary_transmon_pocket_cl_component_metadata)
Test component_metadata in qubits/transmon_pocket_cl.py. ... ok
test_qlibrary_transmon_pocket_component_metadata (__main__.TestComponentFunctionality.test_qlibrary_transmon_pocket_component_metadata)
Test component_metadata in qubits.transmon_pocket.py. ... ok
test_qlibrary_transmon_pocket_teeth_component_metadata (__main__.TestComponentFunctionality.test_qlibrary_transmon_pocket_teeth_component_metadata)
Test component_metadata in qubits.transmon_pcket_teeth.py. ... ok

----------------------------------------------------------------------
Ran 38 tests in 0.194s

OK
test_design_all_component_names_id (__main__.TestDesign.test_design_all_component_names_id)
Test all_component_names_id functionality in design_base.py. ... ok
test_design_connect_pins (__main__.TestDesign.test_design_connect_pins)
Test connect_pins functionality in design_base.py. ... ok
test_design_copy_multiple_qcomponents (__main__.TestDesign.test_design_copy_multiple_qcomponents)
Test the functionality of copy_multiple_qcomponents in ... ok
test_design_copy_qcomponent (__main__.TestDesign.test_design_copy_qcomponent)
Test the functionlaity of copy_qcomponent in design_base.py. ... ok
test_design_default_component_name (__main__.TestDesign.test_design_default_component_name)
Test automatic naming of components. ... 02:34PM 53s WARNING [rename_component]: Called design.rename_component, component_id(3,  is already using res_3.
ok
test_design_delete_all_components (__main__.TestDesign.test_design_delete_all_components)
Test deleteing a component in design_base.py. ... ok
test_design_delete_all_pins (__main__.TestDesign.test_design_delete_all_pins)
Test delete_all_pins functionality in design_base.py. ... ok
test_design_delete_component (__main__.TestDesign.test_design_delete_component)
Test deleteing a component in design_base.py. ... ok
test_design_get_and_set_design_name (__main__.TestDesign.test_design_get_and_set_design_name)
Test getting the design name in design_base.py. ... ok
test_design_get_chip_layer (__main__.TestDesign.test_design_get_chip_layer)
Test getting chip size in design_base.py. ... ok
test_design_get_chip_size (__main__.TestDesign.test_design_get_chip_size)
Test getting chip size in design_base.py. ... ok
test_design_get_chip_z (__main__.TestDesign.test_design_get_chip_z)
Test getting chip z in design_base.py. ... ok
test_design_get_list_of_tables_in_metadata (__main__.TestDesign.test_design_get_list_of_tables_in_metadata)
Tests the get_list_of_tables_in_metadata function in design_base.py ... ok
test_design_get_new_qcomponent_name_id (__main__.TestDesign.test_design_get_new_qcomponent_name_id)
Test _get_new_qcomponent_name_id in design_base.py. ... ok
test_design_get_units (__main__.TestDesign.test_design_get_units)
Test get units in design_base.py. ... ok
test_design_instantiate_design_components (__main__.TestDesign.test_design_instantiate_design_components)
Test the instantiation of Components. ... ok
test_design_instantiate_design_planar (__main__.TestDesign.test_design_instantiate_design_planar)
Test the instantiation of DesignPlanar. ... ok
test_design_instantiate_qdesign (__main__.TestDesign.test_design_instantiate_qdesign)
Test the instantiation of QDesign. ... ok
test_design_instantiate_qnet (__main__.TestDesign.test_design_instantiate_qnet)
Test the instantiation of QNet. ... ok
test_design_interface_components_find_id (__main__.TestDesign.test_design_interface_components_find_id)
Test finding the id from the name in interface_components.py. ... 02:34PM 53s WARNING [find_id]: In Components.find_id(), the name=my_name-3 is not used in design._components
ok
test_design_interface_components_get_list_ints (__main__.TestDesign.test_design_interface_components_get_list_ints)
Test geting the list ints in interface_components.py. ... 02:34PM 53s WARNING [find_id]: In Components.find_id(), the name=nope is not used in design._components
ok
test_design_planar_get_x_y_for_chip (__main__.TestDesign.test_design_planar_get_x_y_for_chip)
Test get_x_y_for_chip in design_planar.py. ... ok
test_design_qnet_add_pins_to_table (__main__.TestDesign.test_design_qnet_add_pins_to_table)
Test add_pins_to_table in net_info.py. ... ok
test_design_qnet_delete_all_pins_for_component_id (__main__.TestDesign.test_design_qnet_delete_all_pins_for_component_id)
Test delete all pins for a given component id in net_info.py. ... ok
test_design_qnet_delete_net_id (__main__.TestDesign.test_design_qnet_delete_net_id)
Test delete a given net id in net_info.py. ... ok
test_design_qnet_get_components_and_pins_for_netid (__main__.TestDesign.test_design_qnet_get_components_and_pins_for_netid)
Test get_components_Sand_pins_for_netid in net_info.py. ... ok
test_design_rename_component (__main__.TestDesign.test_design_rename_component)
Test renaming component in design_base.py. ... ok
test_design_rename_variable (__main__.TestDesign.test_design_rename_variable)
Test rename_variable in QDesign class ... ok
test_design_rename_variables (__main__.TestDesign.test_design_rename_variables)
Test variable renaming in design_base.py. ... ok
test_design_update_metadata (__main__.TestDesign.test_design_update_metadata)
Test the update of metadata in design_base.py. ... ok

----------------------------------------------------------------------
Ran 30 tests in 0.515s

OK
test_renderer_ansys_renderer_element_table_data (__main__.TestRenderers.test_renderer_ansys_renderer_element_table_data)
Test element_table_data in QAnsysRenderer. ... ok
test_renderer_ansys_renderer_get_clean_name (__main__.TestRenderers.test_renderer_ansys_renderer_get_clean_name)
Test get_clean_name in ansys_renderer.py ... ok
test_renderer_ansys_renderer_name (__main__.TestRenderers.test_renderer_ansys_renderer_name)
Test name in QAnsysRenderer. ... ok
test_renderer_ansys_renderer_name_delim (__main__.TestRenderers.test_renderer_ansys_renderer_name_delim)
Test NAME_DELIM in QAnsysRenderer. ... ok
test_renderer_gds_check_cheese (__main__.TestRenderers.test_renderer_gds_check_cheese)
Test check_cheese in gds_renderer.py. ... ok
test_renderer_gds_check_either_cheese (__main__.TestRenderers.test_renderer_gds_check_either_cheese)
Test check_either_cheese in gds_renderer.py. ... 02:34PM 56s WARNING [_check_either_cheese]: layer=0 is not in chip=main either in no_cheese_view_in_file or cheese_view_in_file from self.options.
02:34PM 56s WARNING [_check_either_cheese]: Chip=fake is not either in no_cheese_view_in_file or cheese_view_in_file from self.options.
ok
test_renderer_gds_check_no_cheese (__main__.TestRenderers.test_renderer_gds_check_no_cheese)
Test check_no_cheese in gds_renderer.py. ... ok
test_renderer_gdsrenderer_check_qcomps (__main__.TestRenderers.test_renderer_gdsrenderer_check_qcomps)
Test check_qcomps in gds_renderer.py. ... 02:34PM 56s WARNING [_check_qcomps]: The component=Q2 in highlight_qcomponents not in QDesign. The GDS data not generated.
02:34PM 56s WARNING [_check_qcomps]: The component=Q2 in highlight_qcomponents not in QDesign. The GDS data not generated.
ok
test_renderer_gdsrenderer_high_level (__main__.TestRenderers.test_renderer_gdsrenderer_high_level)
Test that high level defaults were not accidentally changed in ... ok
test_renderer_gdsrenderer_inclusive_bound (__main__.TestRenderers.test_renderer_gdsrenderer_inclusive_bound)
Test functionality of inclusive_bound in gds_renderer.py. ... ok
test_renderer_gdsrenderer_midpoint_xy (__main__.TestRenderers.test_renderer_gdsrenderer_midpoint_xy)
Test midpoint_xy in gds_renderer.py. ... ok
test_renderer_gdsrenderer_options (__main__.TestRenderers.test_renderer_gdsrenderer_options)
Test that default_options in QGDSRenderer were not accidentally ... ok
test_renderer_gdsrenderer_update_units (__main__.TestRenderers.test_renderer_gdsrenderer_update_units)
Test update_units in gds_renderer.py. ... ok
test_renderer_get_chip_names (__main__.TestRenderers.test_renderer_get_chip_names)
Test functionality of get_chip_names in gds_renderer.py. ... ok
test_renderer_hfss_render_options (__main__.TestRenderers.test_renderer_hfss_render_options)
Test that defaults in QHFSSRender were not accidentally changed. ... ok
test_renderer_instanitate_qansys_renderer (__main__.TestRenderers.test_renderer_instanitate_qansys_renderer)
Test instantiation of QAnsysRenderer in ansys_renderer.py ... ok
test_renderer_instantiate_gdsrender (__main__.TestRenderers.test_renderer_instantiate_gdsrender)
Test instantiation of QGDSRenderer in gds_renderer.py. ... ok
test_renderer_instantiate_mplinteraction (__main__.TestRenderers.test_renderer_instantiate_mplinteraction)
Test instantiation of MplInteraction in mpl_interaction.py. ... ok
test_renderer_instantiate_qgmsh_renderer (__main__.TestRenderers.test_renderer_instantiate_qgmsh_renderer)
Test instantiation of QGmshRenderer in gmsh_renderer.py. ... ok
test_renderer_instantiate_qhfss_renderer (__main__.TestRenderers.test_renderer_instantiate_qhfss_renderer)
Test instantiation of QHFSSRenderer in hfss_renderer.py. ... ok
test_renderer_instantiate_qq3d_renderer (__main__.TestRenderers.test_renderer_instantiate_qq3d_renderer)
Test instantiation of QQ3DRenderer in q3d_renderer.py. ... ok
test_renderer_mpl_interaction_disconnect (__main__.TestRenderers.test_renderer_mpl_interaction_disconnect)
Test disconnect in MplInteraction in mpl_interaction.py. ... ok
test_renderer_qansys_renderer_options (__main__.TestRenderers.test_renderer_qansys_renderer_options)
Test that defaults in QAnsysRenderer were not accidentally changed. ... ok
test_renderer_qansysrenderer_default_setup (__main__.TestRenderers.test_renderer_qansysrenderer_default_setup)
Test that default_setup in QAnsysRenderer have not been accidentally changed. ... ok
test_renderer_qgmsh_renderer_name (__main__.TestRenderers.test_renderer_qgmsh_renderer_name)
Test name in QGmshRenderer. ... ok
test_renderer_qgmsh_renderer_options (__main__.TestRenderers.test_renderer_qgmsh_renderer_options)
Test that default_options in QGmshRenderer were not accidentally ... Warning : Gmsh has aleady been initialized
ok
test_renderer_qq3d_render_options (__main__.TestRenderers.test_renderer_qq3d_render_options)
Test that defaults in QQ3DRenderer were not accidentally changed. ... ok
test_renderer_renderer_base_element_table_data (__main__.TestRenderers.test_renderer_renderer_base_element_table_data)
Test element_table_data in QRenderer. ... ok
test_renderer_renderer_base_name (__main__.TestRenderers.test_renderer_renderer_base_name)
Test name in QRenderer. ... ok
test_renderer_renderer_gui_base_name (__main__.TestRenderers.test_renderer_renderer_gui_base_name)
Test name in QRenderer. ... ok
test_renderer_scale_max_bounds (__main__.TestRenderers.test_renderer_scale_max_bounds)
Test functionality of scale_max_bounds in gds_renderer.py. ... ok
test_renderer_setup_renderers (__main__.TestRenderers.test_renderer_setup_renderers)
Test setup_renderers in setup_defauts.py. ... ok
test_successful_get_convergence (__main__.TestRenderers.test_successful_get_convergence)
Test get_convergence returns the correct Boolean when converged ... ok
test_unsuccessful_get_convergence (__main__.TestRenderers.test_unsuccessful_get_convergence)
Test get_convergence returns the correct Boolean when not converged ... ok

----------------------------------------------------------------------
Ran 34 tests in 0.279s

OK
test_toolbox_metal_about (__main__.TestToolboxMetal.test_toolbox_metal_about)
Test that about in about.py produces about text without any ... ok
test_toolbox_metal_aligned_pts (__main__.TestToolboxMetal.test_toolbox_metal_aligned_pts)
Test functionality of aligned_pts in toolbox_metal.py. ... ok
test_toolbox_metal_are_all_chipnames_in_design (__main__.TestToolboxMetal.test_toolbox_metal_are_all_chipnames_in_design)
Test functionality of are_all_chipnames_in_design in toolbox_metal.py. ... 02:34PM 59s ERROR [_init_dataframe]: Not able to read file.File:/Users/shanto/Programming/qiskit-metal/qiskit_metal/tests/qiskit_metal/tests/test_data/planar_chip.txt not read. Check the name and path.
ERROR
test_toolbox_metal_chip_names_not_in_design (__main__.TestToolboxMetal.test_toolbox_metal_chip_names_not_in_design)
Test functionality of chip_names_not_in_design in toolbox_metal.py. ... 02:34PM 59s ERROR [_init_dataframe]: Not able to read file.File:/Users/shanto/Programming/qiskit-metal/qiskit_metal/tests/qiskit_metal/tests/test_data/planar_chip.txt not read. Check the name and path.
ERROR
test_toolbox_metal_chip_size_not_in_chipname_within_design (__main__.TestToolboxMetal.test_toolbox_metal_chip_size_not_in_chipname_within_design)
Test functionality of chip_size_not_in_chipname_within_design in toolbox_metal.py. ... 02:34PM 59s ERROR [_init_dataframe]: Not able to read file.File:/Users/shanto/Programming/qiskit-metal/qiskit_metal/tests/qiskit_metal/tests/test_data/planar_chip.txt not read. Check the name and path.
ERROR
test_toolbox_metal_cross (__main__.TestToolboxMetal.test_toolbox_metal_cross)
Test functionality of cross in toolbox_metal.py. ... ok
test_toolbox_metal_determine_larger_box (__main__.TestToolboxMetal.test_toolbox_metal_determine_larger_box)
Test functionality of determine_larger_box in toolbox_metal.py. ... ok
test_toolbox_metal_dot (__main__.TestToolboxMetal.test_toolbox_metal_dot)
Test functionality of dot in toolbox_metal.py. ... ok
test_toolbox_metal_ensure_component_box_smaller_than_chip_box_ (__main__.TestToolboxMetal.test_toolbox_metal_ensure_component_box_smaller_than_chip_box_)
Test functionality of ensure_component_box_smaller_than_chip_box in toolbox_metal.py ... 02:34PM 59s ERROR [_init_dataframe]: Not able to read file.File:/Users/shanto/Programming/qiskit-metal/qiskit_metal/tests/qiskit_metal/tests/test_data/planar_chip.txt not read. Check the name and path.
ERROR
test_toolbox_metal_extract_value_unit (__main__.TestToolboxMetal.test_toolbox_metal_extract_value_unit)
Test functionality of extract_value_unit in toolbox_metal.py. ... ok
test_toolbox_metal_fix_units (__main__.TestToolboxMetal.test_toolbox_metal_fix_units)
Test functionality of fix_units in toolbox_metal.py. ... ok
test_toolbox_metal_get_bounds_of_path_and_poly_tables (__main__.TestToolboxMetal.test_toolbox_metal_get_bounds_of_path_and_poly_tables)
Test functionality of get_bounds_of_path_and_poly_tables in toolbox_metal.py ... 02:34PM 59s ERROR [_init_dataframe]: Not able to read file.File:/Users/shanto/Programming/qiskit-metal/qiskit_metal/tests/qiskit_metal/tests/test_data/planar_chip.txt not read. Check the name and path.
ERROR
test_toolbox_metal_get_box_for_xy_bounds (__main__.TestToolboxMetal.test_toolbox_metal_get_box_for_xy_bounds)
Test functionality of get_box_for_xy_bounds in toolbox_metal.py. ... 02:34PM 59s ERROR [_init_dataframe]: Not able to read file.File:/Users/shanto/Programming/qiskit-metal/qiskit_metal/tests/qiskit_metal/tests/test_data/planar_chip.txt not read. Check the name and path.
ERROR
test_toolbox_metal_get_layer_datatype_when_fill_is_true (__main__.TestToolboxMetal.test_toolbox_metal_get_layer_datatype_when_fill_is_true)
Test functionality of get_layer_datatype_when_fill_is_true in toolbox_metal.py. ... 02:34PM 59s ERROR [_init_dataframe]: Not able to read file.File:/Users/shanto/Programming/qiskit-metal/qiskit_metal/tests/qiskit_metal/tests/test_data/planar_chip.txt not read. Check the name and path.
ERROR
test_toolbox_metal_get_platform_info (__main__.TestToolboxMetal.test_toolbox_metal_get_platform_info)
Test that get_platform_info in about.py returns a string with the platform information without any errors. ... ok
test_toolbox_metal_get_properties_for_layer_datatype (__main__.TestToolboxMetal.test_toolbox_metal_get_properties_for_layer_datatype)
Test functionality of get_properties_for_layer_datatype in toolbox_metal.py. ... 02:34PM 59s ERROR [_init_dataframe]: Not able to read file.File:/Users/shanto/Programming/qiskit-metal/qiskit_metal/tests/qiskit_metal/tests/test_data/planar_chip.txt not read. Check the name and path.
ERROR
test_toolbox_metal_get_unique_chip_names (__main__.TestToolboxMetal.test_toolbox_metal_get_unique_chip_names)
Test functionality of get_unique_chip_names in toolbox_metal.py. ... 02:34PM 59s ERROR [_init_dataframe]: Not able to read file.File:/Users/shanto/Programming/qiskit-metal/qiskit_metal/tests/qiskit_metal/tests/test_data/planar_chip.txt not read. Check the name and path.
ERROR
test_toolbox_metal_get_unique_layer_ints (__main__.TestToolboxMetal.test_toolbox_metal_get_unique_layer_ints)
Test functionality of get_unique_layer_ints in toolbox_metal.py. ... 02:34PM 59s ERROR [_init_dataframe]: Not able to read file.File:/Users/shanto/Programming/qiskit-metal/qiskit_metal/tests/qiskit_metal/tests/test_data/planar_chip.txt not read. Check the name and path.
ERROR
test_toolbox_metal_get_x_y_for_chip (__main__.TestToolboxMetal.test_toolbox_metal_get_x_y_for_chip)
Test functionality of get_x_y_for_chip in toolbox_metal.py. ... 02:34PM 59s ERROR [_init_dataframe]: Not able to read file.File:/Users/shanto/Programming/qiskit-metal/qiskit_metal/tests/qiskit_metal/tests/test_data/planar_chip.txt not read. Check the name and path.
ERROR
test_toolbox_metal_instantiation_incorrect_qt_exception (__main__.TestToolboxMetal.test_toolbox_metal_instantiation_incorrect_qt_exception)
Test instantiation of IncorrectQtException. ... ok
test_toolbox_metal_instantiation_input_error (__main__.TestToolboxMetal.test_toolbox_metal_instantiation_input_error)
Test instantiation of InputError. ... ok
test_toolbox_metal_instantiation_qiskit_metal_design_error (__main__.TestToolboxMetal.test_toolbox_metal_instantiation_qiskit_metal_design_error)
Test instantiation of QiskitMetalDesignError. ... ok
test_toolbox_metal_instantiation_qiskit_metal_exceptions (__main__.TestToolboxMetal.test_toolbox_metal_instantiation_qiskit_metal_exceptions)
Test instantiation of QiskitMetalExceptions. ... ok
test_toolbox_metal_instantiation_qlibrary_gui_exception (__main__.TestToolboxMetal.test_toolbox_metal_instantiation_qlibrary_gui_exception)
Test instantiation of QLibraryGUIException. ... ok
test_toolbox_metal_is_for_ast_eval (__main__.TestToolboxMetal.test_toolbox_metal_is_for_ast_eval)
Test is_for_ast_eval in toolbox_metal.py. ... ok
test_toolbox_metal_is_layer_data_unique (__main__.TestToolboxMetal.test_toolbox_metal_is_layer_data_unique)
Test functionality of is_layer_data_unique in toolbox_metal.py. ... 02:34PM 59s ERROR [_init_dataframe]: Not able to read file.File:/Users/shanto/Programming/qiskit-metal/qiskit_metal/tests/qiskit_metal/tests/test_data/planar_chip.txt not read. Check the name and path.
ERROR
test_toolbox_metal_is_numeric_possible (__main__.TestToolboxMetal.test_toolbox_metal_is_numeric_possible)
Test is_numeric_possible in toolbox_metal.py. ... ok
test_toolbox_metal_is_true (__main__.TestToolboxMetal.test_toolbox_metal_is_true)
Test is_true in toolbox_metal.py. ... ok
test_toolbox_metal_is_variable_name (__main__.TestToolboxMetal.test_toolbox_metal_is_variable_name)
Test is_variable_name in toolbox_metal.py. ... ok
test_toolbox_metal_layer_stack_handler_pilot_error (__main__.TestToolboxMetal.test_toolbox_metal_layer_stack_handler_pilot_error)
Test functionality of layer_stack_handler_pilot_error in toolbox_metal.py. ... 02:34PM 59s ERROR [_init_dataframe]: Not able to read file.File:/Users/shanto/Programming/qiskit-metal/qiskit_metal/tests/qiskit_metal/tests/test_data/planar_chip.txt not read. Check the name and path.
ERROR
test_toolbox_metal_open_docs (__main__.TestToolboxMetal.test_toolbox_metal_open_docs)
Test that open_docs in about.py opens qiskit_metal documentation in HTML without any ... ok
test_toolbox_metal_parse_entry (__main__.TestToolboxMetal.test_toolbox_metal_parse_entry)
Test functionality of parse_entry in toolbox_metal.py. ... ok
test_toolbox_metal_parse_options (__main__.TestToolboxMetal.test_toolbox_metal_parse_options)
Test parse_options in toolbox_metal.py. ... ok
test_toolbox_metal_parse_string_to_float (__main__.TestToolboxMetal.test_toolbox_metal_parse_string_to_float)
Test _parse_string_to_float in toolbox_metal.py. ... ok
test_toolbox_metal_parse_units (__main__.TestToolboxMetal.test_toolbox_metal_parse_units)
Test functionality of parse_units in toolbox_metal.py. ... ok
test_toolbox_metal_parse_value (__main__.TestToolboxMetal.test_toolbox_metal_parse_value)
Test parse_value in toolbox_metal.py. ... ok
test_toolbox_metal_parsing_true_str (__main__.TestToolboxMetal.test_toolbox_metal_parsing_true_str)
Test that TRUE_STR in parsing.py has not accidentally changed. ... ok
test_toolbox_metal_read_csv_df (__main__.TestToolboxMetal.test_toolbox_metal_read_csv_df)
Test functionality of read_csv_df in toolbox_metal.py. ... 02:34PM 59s ERROR [_init_dataframe]: Not able to read file.File:/Users/shanto/Programming/qiskit-metal/qiskit_metal/tests/qiskit_metal/tests/test_data/planar_chip.txt not read. Check the name and path.
ERROR
test_toolbox_metal_round (__main__.TestToolboxMetal.test_toolbox_metal_round)
Test functionality of round in toolbox_metal.py. ... ok
test_toolbox_metal_set_decimal_precision (__main__.TestToolboxMetal.test_toolbox_metal_set_decimal_precision)
Test functionality of set_decimal_precision in toolbox_metal.py. ... ok
test_toolbox_metal_warning_properties (__main__.TestToolboxMetal.test_toolbox_metal_warning_properties)
Test functionality of _warning_properties in toolbox_metal.py. ... 02:34PM 59s ERROR [_init_dataframe]: Not able to read file.File:/Users/shanto/Programming/qiskit-metal/qiskit_metal/tests/qiskit_metal/tests/test_data/planar_chip.txt not read. Check the name and path.
ERROR
test_toolbox_metal_warning_search (__main__.TestToolboxMetal.test_toolbox_metal_warning_search)
Test functionality of _warning_search in toolbox_metal.py. ... 02:34PM 59s ERROR [_init_dataframe]: Not able to read file.File:/Users/shanto/Programming/qiskit-metal/qiskit_metal/tests/qiskit_metal/tests/test_data/planar_chip.txt not read. Check the name and path.
ERROR
test_toolbox_metal_warning_search_minus_chip (__main__.TestToolboxMetal.test_toolbox_metal_warning_search_minus_chip)
Test functionality of _warning_search_minus_chip in toolbox_metal.py. ... 02:34PM 59s ERROR [_init_dataframe]: Not able to read file.File:/Users/shanto/Programming/qiskit-metal/qiskit_metal/tests/qiskit_metal/tests/test_data/planar_chip.txt not read. Check the name and path.
ERROR

======================================================================
ERROR: test_toolbox_metal_are_all_chipnames_in_design (__main__.TestToolboxMetal.test_toolbox_metal_are_all_chipnames_in_design)
Test functionality of are_all_chipnames_in_design in toolbox_metal.py.
----------------------------------------------------------------------
Traceback (most recent call last):
  File "/Users/shanto/Programming/qiskit-metal/qiskit_metal/tests/test_toolbox_metal.py", line 473, in test_toolbox_metal_are_all_chipnames_in_design
    multiplanar_design = MultiPlanar(metadata={},
                         ^^^^^^^^^^^^^^^^^^^^^^^^
  File "/Users/shanto/Programming/qiskit-metal/qiskit_metal/designs/design_multiplanar.py", line 59, in __init__
    self.ls = self._add_layer_stack()
              ^^^^^^^^^^^^^^^^^^^^^^^
  File "/Users/shanto/Programming/qiskit-metal/qiskit_metal/designs/design_multiplanar.py", line 77, in _add_layer_stack
    return LayerStackHandler(self)
           ^^^^^^^^^^^^^^^^^^^^^^^
  File "/Users/shanto/Programming/qiskit-metal/qiskit_metal/toolbox_metal/layer_stack_handler.py", line 62, in __init__
    self.is_layer_data_unique()
  File "/Users/shanto/Programming/qiskit-metal/qiskit_metal/toolbox_metal/layer_stack_handler.py", line 215, in is_layer_data_unique
    layer_nums = self.get_unique_layer_ints()
                 ^^^^^^^^^^^^^^^^^^^^^^^^^^^^
  File "/Users/shanto/Programming/qiskit-metal/qiskit_metal/toolbox_metal/layer_stack_handler.py", line 256, in get_unique_layer_ints
    layers = self.ls_df['layer']
             ~~~~~~~~~~^^^^^^^^^
TypeError: 'NoneType' object is not subscriptable

======================================================================
ERROR: test_toolbox_metal_chip_names_not_in_design (__main__.TestToolboxMetal.test_toolbox_metal_chip_names_not_in_design)
Test functionality of chip_names_not_in_design in toolbox_metal.py.
----------------------------------------------------------------------
Traceback (most recent call last):
  File "/Users/shanto/Programming/qiskit-metal/qiskit_metal/tests/test_toolbox_metal.py", line 541, in test_toolbox_metal_chip_names_not_in_design
    multiplanar_design = MultiPlanar(metadata={},
                         ^^^^^^^^^^^^^^^^^^^^^^^^
  File "/Users/shanto/Programming/qiskit-metal/qiskit_metal/designs/design_multiplanar.py", line 59, in __init__
    self.ls = self._add_layer_stack()
              ^^^^^^^^^^^^^^^^^^^^^^^
  File "/Users/shanto/Programming/qiskit-metal/qiskit_metal/designs/design_multiplanar.py", line 77, in _add_layer_stack
    return LayerStackHandler(self)
           ^^^^^^^^^^^^^^^^^^^^^^^
  File "/Users/shanto/Programming/qiskit-metal/qiskit_metal/toolbox_metal/layer_stack_handler.py", line 62, in __init__
    self.is_layer_data_unique()
  File "/Users/shanto/Programming/qiskit-metal/qiskit_metal/toolbox_metal/layer_stack_handler.py", line 215, in is_layer_data_unique
    layer_nums = self.get_unique_layer_ints()
                 ^^^^^^^^^^^^^^^^^^^^^^^^^^^^
  File "/Users/shanto/Programming/qiskit-metal/qiskit_metal/toolbox_metal/layer_stack_handler.py", line 256, in get_unique_layer_ints
    layers = self.ls_df['layer']
             ~~~~~~~~~~^^^^^^^^^
TypeError: 'NoneType' object is not subscriptable

======================================================================
ERROR: test_toolbox_metal_chip_size_not_in_chipname_within_design (__main__.TestToolboxMetal.test_toolbox_metal_chip_size_not_in_chipname_within_design)
Test functionality of chip_size_not_in_chipname_within_design in toolbox_metal.py.
----------------------------------------------------------------------
Traceback (most recent call last):
  File "/Users/shanto/Programming/qiskit-metal/qiskit_metal/tests/test_toolbox_metal.py", line 567, in test_toolbox_metal_chip_size_not_in_chipname_within_design
    multiplanar_design = MultiPlanar(metadata={},
                         ^^^^^^^^^^^^^^^^^^^^^^^^
  File "/Users/shanto/Programming/qiskit-metal/qiskit_metal/designs/design_multiplanar.py", line 59, in __init__
    self.ls = self._add_layer_stack()
              ^^^^^^^^^^^^^^^^^^^^^^^
  File "/Users/shanto/Programming/qiskit-metal/qiskit_metal/designs/design_multiplanar.py", line 77, in _add_layer_stack
    return LayerStackHandler(self)
           ^^^^^^^^^^^^^^^^^^^^^^^
  File "/Users/shanto/Programming/qiskit-metal/qiskit_metal/toolbox_metal/layer_stack_handler.py", line 62, in __init__
    self.is_layer_data_unique()
  File "/Users/shanto/Programming/qiskit-metal/qiskit_metal/toolbox_metal/layer_stack_handler.py", line 215, in is_layer_data_unique
    layer_nums = self.get_unique_layer_ints()
                 ^^^^^^^^^^^^^^^^^^^^^^^^^^^^
  File "/Users/shanto/Programming/qiskit-metal/qiskit_metal/toolbox_metal/layer_stack_handler.py", line 256, in get_unique_layer_ints
    layers = self.ls_df['layer']
             ~~~~~~~~~~^^^^^^^^^
TypeError: 'NoneType' object is not subscriptable

======================================================================
ERROR: test_toolbox_metal_ensure_component_box_smaller_than_chip_box_ (__main__.TestToolboxMetal.test_toolbox_metal_ensure_component_box_smaller_than_chip_box_)
Test functionality of ensure_component_box_smaller_than_chip_box in toolbox_metal.py
----------------------------------------------------------------------
Traceback (most recent call last):
  File "/Users/shanto/Programming/qiskit-metal/qiskit_metal/tests/test_toolbox_metal.py", line 399, in test_toolbox_metal_ensure_component_box_smaller_than_chip_box_
    multiplanar_design = MultiPlanar(metadata={},
                         ^^^^^^^^^^^^^^^^^^^^^^^^
  File "/Users/shanto/Programming/qiskit-metal/qiskit_metal/designs/design_multiplanar.py", line 59, in __init__
    self.ls = self._add_layer_stack()
              ^^^^^^^^^^^^^^^^^^^^^^^
  File "/Users/shanto/Programming/qiskit-metal/qiskit_metal/designs/design_multiplanar.py", line 77, in _add_layer_stack
    return LayerStackHandler(self)
           ^^^^^^^^^^^^^^^^^^^^^^^
  File "/Users/shanto/Programming/qiskit-metal/qiskit_metal/toolbox_metal/layer_stack_handler.py", line 62, in __init__
    self.is_layer_data_unique()
  File "/Users/shanto/Programming/qiskit-metal/qiskit_metal/toolbox_metal/layer_stack_handler.py", line 215, in is_layer_data_unique
    layer_nums = self.get_unique_layer_ints()
                 ^^^^^^^^^^^^^^^^^^^^^^^^^^^^
  File "/Users/shanto/Programming/qiskit-metal/qiskit_metal/toolbox_metal/layer_stack_handler.py", line 256, in get_unique_layer_ints
    layers = self.ls_df['layer']
             ~~~~~~~~~~^^^^^^^^^
TypeError: 'NoneType' object is not subscriptable

======================================================================
ERROR: test_toolbox_metal_get_bounds_of_path_and_poly_tables (__main__.TestToolboxMetal.test_toolbox_metal_get_bounds_of_path_and_poly_tables)
Test functionality of get_bounds_of_path_and_poly_tables in toolbox_metal.py
----------------------------------------------------------------------
Traceback (most recent call last):
  File "/Users/shanto/Programming/qiskit-metal/qiskit_metal/tests/test_toolbox_metal.py", line 367, in test_toolbox_metal_get_bounds_of_path_and_poly_tables
    multiplanar_design = MultiPlanar(metadata={},
                         ^^^^^^^^^^^^^^^^^^^^^^^^
  File "/Users/shanto/Programming/qiskit-metal/qiskit_metal/designs/design_multiplanar.py", line 59, in __init__
    self.ls = self._add_layer_stack()
              ^^^^^^^^^^^^^^^^^^^^^^^
  File "/Users/shanto/Programming/qiskit-metal/qiskit_metal/designs/design_multiplanar.py", line 77, in _add_layer_stack
    return LayerStackHandler(self)
           ^^^^^^^^^^^^^^^^^^^^^^^
  File "/Users/shanto/Programming/qiskit-metal/qiskit_metal/toolbox_metal/layer_stack_handler.py", line 62, in __init__
    self.is_layer_data_unique()
  File "/Users/shanto/Programming/qiskit-metal/qiskit_metal/toolbox_metal/layer_stack_handler.py", line 215, in is_layer_data_unique
    layer_nums = self.get_unique_layer_ints()
                 ^^^^^^^^^^^^^^^^^^^^^^^^^^^^
  File "/Users/shanto/Programming/qiskit-metal/qiskit_metal/toolbox_metal/layer_stack_handler.py", line 256, in get_unique_layer_ints
    layers = self.ls_df['layer']
             ~~~~~~~~~~^^^^^^^^^
TypeError: 'NoneType' object is not subscriptable

======================================================================
ERROR: test_toolbox_metal_get_box_for_xy_bounds (__main__.TestToolboxMetal.test_toolbox_metal_get_box_for_xy_bounds)
Test functionality of get_box_for_xy_bounds in toolbox_metal.py.
----------------------------------------------------------------------
Traceback (most recent call last):
  File "/Users/shanto/Programming/qiskit-metal/qiskit_metal/tests/test_toolbox_metal.py", line 440, in test_toolbox_metal_get_box_for_xy_bounds
    multiplanar_design = MultiPlanar(metadata={},
                         ^^^^^^^^^^^^^^^^^^^^^^^^
  File "/Users/shanto/Programming/qiskit-metal/qiskit_metal/designs/design_multiplanar.py", line 59, in __init__
    self.ls = self._add_layer_stack()
              ^^^^^^^^^^^^^^^^^^^^^^^
  File "/Users/shanto/Programming/qiskit-metal/qiskit_metal/designs/design_multiplanar.py", line 77, in _add_layer_stack
    return LayerStackHandler(self)
           ^^^^^^^^^^^^^^^^^^^^^^^
  File "/Users/shanto/Programming/qiskit-metal/qiskit_metal/toolbox_metal/layer_stack_handler.py", line 62, in __init__
    self.is_layer_data_unique()
  File "/Users/shanto/Programming/qiskit-metal/qiskit_metal/toolbox_metal/layer_stack_handler.py", line 215, in is_layer_data_unique
    layer_nums = self.get_unique_layer_ints()
                 ^^^^^^^^^^^^^^^^^^^^^^^^^^^^
  File "/Users/shanto/Programming/qiskit-metal/qiskit_metal/toolbox_metal/layer_stack_handler.py", line 256, in get_unique_layer_ints
    layers = self.ls_df['layer']
             ~~~~~~~~~~^^^^^^^^^
TypeError: 'NoneType' object is not subscriptable

======================================================================
ERROR: test_toolbox_metal_get_layer_datatype_when_fill_is_true (__main__.TestToolboxMetal.test_toolbox_metal_get_layer_datatype_when_fill_is_true)
Test functionality of get_layer_datatype_when_fill_is_true in toolbox_metal.py.
----------------------------------------------------------------------
Traceback (most recent call last):
  File "/Users/shanto/Programming/qiskit-metal/qiskit_metal/tests/test_toolbox_metal.py", line 591, in test_toolbox_metal_get_layer_datatype_when_fill_is_true
    multiplanar_design = MultiPlanar(metadata={},
                         ^^^^^^^^^^^^^^^^^^^^^^^^
  File "/Users/shanto/Programming/qiskit-metal/qiskit_metal/designs/design_multiplanar.py", line 59, in __init__
    self.ls = self._add_layer_stack()
              ^^^^^^^^^^^^^^^^^^^^^^^
  File "/Users/shanto/Programming/qiskit-metal/qiskit_metal/designs/design_multiplanar.py", line 77, in _add_layer_stack
    return LayerStackHandler(self)
           ^^^^^^^^^^^^^^^^^^^^^^^
  File "/Users/shanto/Programming/qiskit-metal/qiskit_metal/toolbox_metal/layer_stack_handler.py", line 62, in __init__
    self.is_layer_data_unique()
  File "/Users/shanto/Programming/qiskit-metal/qiskit_metal/toolbox_metal/layer_stack_handler.py", line 215, in is_layer_data_unique
    layer_nums = self.get_unique_layer_ints()
                 ^^^^^^^^^^^^^^^^^^^^^^^^^^^^
  File "/Users/shanto/Programming/qiskit-metal/qiskit_metal/toolbox_metal/layer_stack_handler.py", line 256, in get_unique_layer_ints
    layers = self.ls_df['layer']
             ~~~~~~~~~~^^^^^^^^^
TypeError: 'NoneType' object is not subscriptable

======================================================================
ERROR: test_toolbox_metal_get_properties_for_layer_datatype (__main__.TestToolboxMetal.test_toolbox_metal_get_properties_for_layer_datatype)
Test functionality of get_properties_for_layer_datatype in toolbox_metal.py.
----------------------------------------------------------------------
Traceback (most recent call last):
  File "/Users/shanto/Programming/qiskit-metal/qiskit_metal/tests/test_toolbox_metal.py", line 633, in test_toolbox_metal_get_properties_for_layer_datatype
    multiplanar_design = MultiPlanar(metadata={},
                         ^^^^^^^^^^^^^^^^^^^^^^^^
  File "/Users/shanto/Programming/qiskit-metal/qiskit_metal/designs/design_multiplanar.py", line 59, in __init__
    self.ls = self._add_layer_stack()
              ^^^^^^^^^^^^^^^^^^^^^^^
  File "/Users/shanto/Programming/qiskit-metal/qiskit_metal/designs/design_multiplanar.py", line 77, in _add_layer_stack
    return LayerStackHandler(self)
           ^^^^^^^^^^^^^^^^^^^^^^^
  File "/Users/shanto/Programming/qiskit-metal/qiskit_metal/toolbox_metal/layer_stack_handler.py", line 62, in __init__
    self.is_layer_data_unique()
  File "/Users/shanto/Programming/qiskit-metal/qiskit_metal/toolbox_metal/layer_stack_handler.py", line 215, in is_layer_data_unique
    layer_nums = self.get_unique_layer_ints()
                 ^^^^^^^^^^^^^^^^^^^^^^^^^^^^
  File "/Users/shanto/Programming/qiskit-metal/qiskit_metal/toolbox_metal/layer_stack_handler.py", line 256, in get_unique_layer_ints
    layers = self.ls_df['layer']
             ~~~~~~~~~~^^^^^^^^^
TypeError: 'NoneType' object is not subscriptable

======================================================================
ERROR: test_toolbox_metal_get_unique_chip_names (__main__.TestToolboxMetal.test_toolbox_metal_get_unique_chip_names)
Test functionality of get_unique_chip_names in toolbox_metal.py.
----------------------------------------------------------------------
Traceback (most recent call last):
  File "/Users/shanto/Programming/qiskit-metal/qiskit_metal/tests/test_toolbox_metal.py", line 714, in test_toolbox_metal_get_unique_chip_names
    multiplanar_design = MultiPlanar(metadata={},
                         ^^^^^^^^^^^^^^^^^^^^^^^^
  File "/Users/shanto/Programming/qiskit-metal/qiskit_metal/designs/design_multiplanar.py", line 59, in __init__
    self.ls = self._add_layer_stack()
              ^^^^^^^^^^^^^^^^^^^^^^^
  File "/Users/shanto/Programming/qiskit-metal/qiskit_metal/designs/design_multiplanar.py", line 77, in _add_layer_stack
    return LayerStackHandler(self)
           ^^^^^^^^^^^^^^^^^^^^^^^
  File "/Users/shanto/Programming/qiskit-metal/qiskit_metal/toolbox_metal/layer_stack_handler.py", line 62, in __init__
    self.is_layer_data_unique()
  File "/Users/shanto/Programming/qiskit-metal/qiskit_metal/toolbox_metal/layer_stack_handler.py", line 215, in is_layer_data_unique
    layer_nums = self.get_unique_layer_ints()
                 ^^^^^^^^^^^^^^^^^^^^^^^^^^^^
  File "/Users/shanto/Programming/qiskit-metal/qiskit_metal/toolbox_metal/layer_stack_handler.py", line 256, in get_unique_layer_ints
    layers = self.ls_df['layer']
             ~~~~~~~~~~^^^^^^^^^
TypeError: 'NoneType' object is not subscriptable

======================================================================
ERROR: test_toolbox_metal_get_unique_layer_ints (__main__.TestToolboxMetal.test_toolbox_metal_get_unique_layer_ints)
Test functionality of get_unique_layer_ints in toolbox_metal.py.
----------------------------------------------------------------------
Traceback (most recent call last):
  File "/Users/shanto/Programming/qiskit-metal/qiskit_metal/tests/test_toolbox_metal.py", line 739, in test_toolbox_metal_get_unique_layer_ints
    multiplanar_design = MultiPlanar(metadata={},
                         ^^^^^^^^^^^^^^^^^^^^^^^^
  File "/Users/shanto/Programming/qiskit-metal/qiskit_metal/designs/design_multiplanar.py", line 59, in __init__
    self.ls = self._add_layer_stack()
              ^^^^^^^^^^^^^^^^^^^^^^^
  File "/Users/shanto/Programming/qiskit-metal/qiskit_metal/designs/design_multiplanar.py", line 77, in _add_layer_stack
    return LayerStackHandler(self)
           ^^^^^^^^^^^^^^^^^^^^^^^
  File "/Users/shanto/Programming/qiskit-metal/qiskit_metal/toolbox_metal/layer_stack_handler.py", line 62, in __init__
    self.is_layer_data_unique()
  File "/Users/shanto/Programming/qiskit-metal/qiskit_metal/toolbox_metal/layer_stack_handler.py", line 215, in is_layer_data_unique
    layer_nums = self.get_unique_layer_ints()
                 ^^^^^^^^^^^^^^^^^^^^^^^^^^^^
  File "/Users/shanto/Programming/qiskit-metal/qiskit_metal/toolbox_metal/layer_stack_handler.py", line 256, in get_unique_layer_ints
    layers = self.ls_df['layer']
             ~~~~~~~~~~^^^^^^^^^
TypeError: 'NoneType' object is not subscriptable

======================================================================
ERROR: test_toolbox_metal_get_x_y_for_chip (__main__.TestToolboxMetal.test_toolbox_metal_get_x_y_for_chip)
Test functionality of get_x_y_for_chip in toolbox_metal.py.
----------------------------------------------------------------------
Traceback (most recent call last):
  File "/Users/shanto/Programming/qiskit-metal/qiskit_metal/tests/test_toolbox_metal.py", line 506, in test_toolbox_metal_get_x_y_for_chip
    multiplanar_design = MultiPlanar(metadata={},
                         ^^^^^^^^^^^^^^^^^^^^^^^^
  File "/Users/shanto/Programming/qiskit-metal/qiskit_metal/designs/design_multiplanar.py", line 59, in __init__
    self.ls = self._add_layer_stack()
              ^^^^^^^^^^^^^^^^^^^^^^^
  File "/Users/shanto/Programming/qiskit-metal/qiskit_metal/designs/design_multiplanar.py", line 77, in _add_layer_stack
    return LayerStackHandler(self)
           ^^^^^^^^^^^^^^^^^^^^^^^
  File "/Users/shanto/Programming/qiskit-metal/qiskit_metal/toolbox_metal/layer_stack_handler.py", line 62, in __init__
    self.is_layer_data_unique()
  File "/Users/shanto/Programming/qiskit-metal/qiskit_metal/toolbox_metal/layer_stack_handler.py", line 215, in is_layer_data_unique
    layer_nums = self.get_unique_layer_ints()
                 ^^^^^^^^^^^^^^^^^^^^^^^^^^^^
  File "/Users/shanto/Programming/qiskit-metal/qiskit_metal/toolbox_metal/layer_stack_handler.py", line 256, in get_unique_layer_ints
    layers = self.ls_df['layer']
             ~~~~~~~~~~^^^^^^^^^
TypeError: 'NoneType' object is not subscriptable

======================================================================
ERROR: test_toolbox_metal_is_layer_data_unique (__main__.TestToolboxMetal.test_toolbox_metal_is_layer_data_unique)
Test functionality of is_layer_data_unique in toolbox_metal.py.
----------------------------------------------------------------------
Traceback (most recent call last):
  File "/Users/shanto/Programming/qiskit-metal/qiskit_metal/tests/test_toolbox_metal.py", line 664, in test_toolbox_metal_is_layer_data_unique
    multiplanar_design = MultiPlanar(metadata={},
                         ^^^^^^^^^^^^^^^^^^^^^^^^
  File "/Users/shanto/Programming/qiskit-metal/qiskit_metal/designs/design_multiplanar.py", line 59, in __init__
    self.ls = self._add_layer_stack()
              ^^^^^^^^^^^^^^^^^^^^^^^
  File "/Users/shanto/Programming/qiskit-metal/qiskit_metal/designs/design_multiplanar.py", line 77, in _add_layer_stack
    return LayerStackHandler(self)
           ^^^^^^^^^^^^^^^^^^^^^^^
  File "/Users/shanto/Programming/qiskit-metal/qiskit_metal/toolbox_metal/layer_stack_handler.py", line 62, in __init__
    self.is_layer_data_unique()
  File "/Users/shanto/Programming/qiskit-metal/qiskit_metal/toolbox_metal/layer_stack_handler.py", line 215, in is_layer_data_unique
    layer_nums = self.get_unique_layer_ints()
                 ^^^^^^^^^^^^^^^^^^^^^^^^^^^^
  File "/Users/shanto/Programming/qiskit-metal/qiskit_metal/toolbox_metal/layer_stack_handler.py", line 256, in get_unique_layer_ints
    layers = self.ls_df['layer']
             ~~~~~~~~~~^^^^^^^^^
TypeError: 'NoneType' object is not subscriptable

======================================================================
ERROR: test_toolbox_metal_layer_stack_handler_pilot_error (__main__.TestToolboxMetal.test_toolbox_metal_layer_stack_handler_pilot_error)
Test functionality of layer_stack_handler_pilot_error in toolbox_metal.py.
----------------------------------------------------------------------
Traceback (most recent call last):
  File "/Users/shanto/Programming/qiskit-metal/qiskit_metal/tests/test_toolbox_metal.py", line 839, in test_toolbox_metal_layer_stack_handler_pilot_error
    multiplanar_design = MultiPlanar(metadata={},
                         ^^^^^^^^^^^^^^^^^^^^^^^^
  File "/Users/shanto/Programming/qiskit-metal/qiskit_metal/designs/design_multiplanar.py", line 59, in __init__
    self.ls = self._add_layer_stack()
              ^^^^^^^^^^^^^^^^^^^^^^^
  File "/Users/shanto/Programming/qiskit-metal/qiskit_metal/designs/design_multiplanar.py", line 77, in _add_layer_stack
    return LayerStackHandler(self)
           ^^^^^^^^^^^^^^^^^^^^^^^
  File "/Users/shanto/Programming/qiskit-metal/qiskit_metal/toolbox_metal/layer_stack_handler.py", line 62, in __init__
    self.is_layer_data_unique()
  File "/Users/shanto/Programming/qiskit-metal/qiskit_metal/toolbox_metal/layer_stack_handler.py", line 215, in is_layer_data_unique
    layer_nums = self.get_unique_layer_ints()
                 ^^^^^^^^^^^^^^^^^^^^^^^^^^^^
  File "/Users/shanto/Programming/qiskit-metal/qiskit_metal/toolbox_metal/layer_stack_handler.py", line 256, in get_unique_layer_ints
    layers = self.ls_df['layer']
             ~~~~~~~~~~^^^^^^^^^
TypeError: 'NoneType' object is not subscriptable

======================================================================
ERROR: test_toolbox_metal_read_csv_df (__main__.TestToolboxMetal.test_toolbox_metal_read_csv_df)
Test functionality of read_csv_df in toolbox_metal.py.
----------------------------------------------------------------------
Traceback (most recent call last):
  File "/Users/shanto/Programming/qiskit-metal/qiskit_metal/tests/test_toolbox_metal.py", line 689, in test_toolbox_metal_read_csv_df
    multiplanar_design = MultiPlanar(metadata={},
                         ^^^^^^^^^^^^^^^^^^^^^^^^
  File "/Users/shanto/Programming/qiskit-metal/qiskit_metal/designs/design_multiplanar.py", line 59, in __init__
    self.ls = self._add_layer_stack()
              ^^^^^^^^^^^^^^^^^^^^^^^
  File "/Users/shanto/Programming/qiskit-metal/qiskit_metal/designs/design_multiplanar.py", line 77, in _add_layer_stack
    return LayerStackHandler(self)
           ^^^^^^^^^^^^^^^^^^^^^^^
  File "/Users/shanto/Programming/qiskit-metal/qiskit_metal/toolbox_metal/layer_stack_handler.py", line 62, in __init__
    self.is_layer_data_unique()
  File "/Users/shanto/Programming/qiskit-metal/qiskit_metal/toolbox_metal/layer_stack_handler.py", line 215, in is_layer_data_unique
    layer_nums = self.get_unique_layer_ints()
                 ^^^^^^^^^^^^^^^^^^^^^^^^^^^^
  File "/Users/shanto/Programming/qiskit-metal/qiskit_metal/toolbox_metal/layer_stack_handler.py", line 256, in get_unique_layer_ints
    layers = self.ls_df['layer']
             ~~~~~~~~~~^^^^^^^^^
TypeError: 'NoneType' object is not subscriptable

======================================================================
ERROR: test_toolbox_metal_warning_properties (__main__.TestToolboxMetal.test_toolbox_metal_warning_properties)
Test functionality of _warning_properties in toolbox_metal.py.
----------------------------------------------------------------------
Traceback (most recent call last):
  File "/Users/shanto/Programming/qiskit-metal/qiskit_metal/tests/test_toolbox_metal.py", line 764, in test_toolbox_metal_warning_properties
    multiplanar_design = MultiPlanar(metadata={},
                         ^^^^^^^^^^^^^^^^^^^^^^^^
  File "/Users/shanto/Programming/qiskit-metal/qiskit_metal/designs/design_multiplanar.py", line 59, in __init__
    self.ls = self._add_layer_stack()
              ^^^^^^^^^^^^^^^^^^^^^^^
  File "/Users/shanto/Programming/qiskit-metal/qiskit_metal/designs/design_multiplanar.py", line 77, in _add_layer_stack
    return LayerStackHandler(self)
           ^^^^^^^^^^^^^^^^^^^^^^^
  File "/Users/shanto/Programming/qiskit-metal/qiskit_metal/toolbox_metal/layer_stack_handler.py", line 62, in __init__
    self.is_layer_data_unique()
  File "/Users/shanto/Programming/qiskit-metal/qiskit_metal/toolbox_metal/layer_stack_handler.py", line 215, in is_layer_data_unique
    layer_nums = self.get_unique_layer_ints()
                 ^^^^^^^^^^^^^^^^^^^^^^^^^^^^
  File "/Users/shanto/Programming/qiskit-metal/qiskit_metal/toolbox_metal/layer_stack_handler.py", line 256, in get_unique_layer_ints
    layers = self.ls_df['layer']
             ~~~~~~~~~~^^^^^^^^^
TypeError: 'NoneType' object is not subscriptable

======================================================================
ERROR: test_toolbox_metal_warning_search (__main__.TestToolboxMetal.test_toolbox_metal_warning_search)
Test functionality of _warning_search in toolbox_metal.py.
----------------------------------------------------------------------
Traceback (most recent call last):
  File "/Users/shanto/Programming/qiskit-metal/qiskit_metal/tests/test_toolbox_metal.py", line 789, in test_toolbox_metal_warning_search
    multiplanar_design = MultiPlanar(metadata={},
                         ^^^^^^^^^^^^^^^^^^^^^^^^
  File "/Users/shanto/Programming/qiskit-metal/qiskit_metal/designs/design_multiplanar.py", line 59, in __init__
    self.ls = self._add_layer_stack()
              ^^^^^^^^^^^^^^^^^^^^^^^
  File "/Users/shanto/Programming/qiskit-metal/qiskit_metal/designs/design_multiplanar.py", line 77, in _add_layer_stack
    return LayerStackHandler(self)
           ^^^^^^^^^^^^^^^^^^^^^^^
  File "/Users/shanto/Programming/qiskit-metal/qiskit_metal/toolbox_metal/layer_stack_handler.py", line 62, in __init__
    self.is_layer_data_unique()
  File "/Users/shanto/Programming/qiskit-metal/qiskit_metal/toolbox_metal/layer_stack_handler.py", line 215, in is_layer_data_unique
    layer_nums = self.get_unique_layer_ints()
                 ^^^^^^^^^^^^^^^^^^^^^^^^^^^^
  File "/Users/shanto/Programming/qiskit-metal/qiskit_metal/toolbox_metal/layer_stack_handler.py", line 256, in get_unique_layer_ints
    layers = self.ls_df['layer']
             ~~~~~~~~~~^^^^^^^^^
TypeError: 'NoneType' object is not subscriptable

======================================================================
ERROR: test_toolbox_metal_warning_search_minus_chip (__main__.TestToolboxMetal.test_toolbox_metal_warning_search_minus_chip)
Test functionality of _warning_search_minus_chip in toolbox_metal.py.
----------------------------------------------------------------------
Traceback (most recent call last):
  File "/Users/shanto/Programming/qiskit-metal/qiskit_metal/tests/test_toolbox_metal.py", line 814, in test_toolbox_metal_warning_search_minus_chip
    multiplanar_design = MultiPlanar(metadata={},
                         ^^^^^^^^^^^^^^^^^^^^^^^^
  File "/Users/shanto/Programming/qiskit-metal/qiskit_metal/designs/design_multiplanar.py", line 59, in __init__
    self.ls = self._add_layer_stack()
              ^^^^^^^^^^^^^^^^^^^^^^^
  File "/Users/shanto/Programming/qiskit-metal/qiskit_metal/designs/design_multiplanar.py", line 77, in _add_layer_stack
    return LayerStackHandler(self)
           ^^^^^^^^^^^^^^^^^^^^^^^
  File "/Users/shanto/Programming/qiskit-metal/qiskit_metal/toolbox_metal/layer_stack_handler.py", line 62, in __init__
    self.is_layer_data_unique()
  File "/Users/shanto/Programming/qiskit-metal/qiskit_metal/toolbox_metal/layer_stack_handler.py", line 215, in is_layer_data_unique
    layer_nums = self.get_unique_layer_ints()
                 ^^^^^^^^^^^^^^^^^^^^^^^^^^^^
  File "/Users/shanto/Programming/qiskit-metal/qiskit_metal/toolbox_metal/layer_stack_handler.py", line 256, in get_unique_layer_ints
    layers = self.ls_df['layer']
             ~~~~~~~~~~^^^^^^^^^
TypeError: 'NoneType' object is not subscriptable

----------------------------------------------------------------------
Ran 43 tests in 0.469s

FAILED (errors=17)

Qiskit Metal        0.1.2

Basic
____________________________________
 Python              3.12.7 | packaged by conda-forge | (main, Oct  4 2024, 15:57:01) [Clang 17.0.6 ]
 Platform            Darwin arm64
 Installation path   /Users/shanto/Programming/qiskit-metal/qiskit_metal

Packages
____________________________________
 Numpy               1.26.4
 Qutip               5.0.4

Rendering
____________________________________
 Matplotlib          3.9.2

GUI
____________________________________
 PySide6 version     6.8.0.2
 Qt version          6.8.0
 SIP version         Not installed

IBM Quantum Team
test_example_test (__main__.TestSpeed.test_example_test)
Example test - Play with me to get comfortable with @timeout. ... ok

----------------------------------------------------------------------
Ran 1 test in 4.006s

OK
test_qgeometry_element_columns (__main__.TestElements.test_qgeometry_element_columns)
Test that ELEMENT_COLUMNS was not accidentally changed in ... ERROR
test_qgeometry_get_all_unique_layers (__main__.TestElements.test_qgeometry_get_all_unique_layers)
Test get_all_unique_layers functionality in elment_handler.py. ... ok
test_qgeometry_instantiate_q_geometry_tables (__main__.TestElements.test_qgeometry_instantiate_q_geometry_tables)
Test instantiation of QGeometryTables. ... ok
test_qgeometry_is_qgeometry_table (__main__.TestElements.test_qgeometry_is_qgeometry_table)
Test is_qgeometry_table in qgeometries_handler.py. ... ok
test_qgeometry_q_element_add_qgeometry (__main__.TestElements.test_qgeometry_q_element_add_qgeometry)
Test add_qgeometry in QGeometryTables class in ... ok
test_qgeometry_q_element_add_renderer_extension (__main__.TestElements.test_qgeometry_q_element_add_renderer_extension)
Test add_renderer_extension in QGeometryTables class in ... ok
test_qgeometry_q_element_check_element_type (__main__.TestElements.test_qgeometry_q_element_check_element_type)
Test check_element_type in QGeometryTables class in ... ok
test_qgeometry_q_element_clear_all_tables (__main__.TestElements.test_qgeometry_q_element_clear_all_tables)
Test clear_all_tables in QGeometryTables class in ... ok
test_qgeometry_q_element_constants (__main__.TestElements.test_qgeometry_q_element_constants)
Test that constants in QGeometryTables class in element_handler.py ... ok
test_qgeometry_q_element_create_tables (__main__.TestElements.test_qgeometry_q_element_create_tables)
Test create_tables in QGeometryTables class in ... ok
test_qgeometry_q_element_delete_component_id (__main__.TestElements.test_qgeometry_q_element_delete_component_id)
Test delete_component_id in QGeometryTables class in ... ok
test_qgeometry_q_element_get_component (__main__.TestElements.test_qgeometry_q_element_get_component)
Test get_component in QGeometryTables class in ... 02:35PM 09s WARNING [find_id]: In Components.find_id(), the name=not-real is not used in design._components
02:35PM 09s WARNING [__getitem__]: In Components.__getitem__, name=not-real is not registered in the design class. Return None for QComponent.
02:35PM 09s WARNING [find_id]: In Components.find_id(), the name=not-real is not used in design._components
02:35PM 09s WARNING [__getitem__]: In Components.__getitem__, name=not-real is not registered in the design class. Return None for QComponent.
02:35PM 09s WARNING [find_id]: In Components.find_id(), the name=not-real is not used in design._components
02:35PM 09s WARNING [__getitem__]: In Components.__getitem__, name=not-real is not registered in the design class. Return None for QComponent.
ok
test_qgeometry_q_element_get_component_bounds (__main__.TestElements.test_qgeometry_q_element_get_component_bounds)
Test get_component_bounds in QGeometryTables class in ... ok
test_qgeometry_q_element_get_element_types (__main__.TestElements.test_qgeometry_q_element_get_element_types)
Test get_element_types in QGeometryTables class in ... ok
test_qgeometry_q_element_get_rname (__main__.TestElements.test_qgeometry_q_element_get_rname)
Test get_rname in QGeometryTables class in element_handler.py. ... ok
test_qgeometry_true_bools (__main__.TestElements.test_qgeometry_true_bools)
Test that TRUE_BOOLS was not accidentally changed in ... ok

======================================================================
ERROR: test_qgeometry_element_columns (__main__.TestElements.test_qgeometry_element_columns)
Test that ELEMENT_COLUMNS was not accidentally changed in
----------------------------------------------------------------------
Traceback (most recent call last):
  File "/Users/shanto/Programming/qiskit-metal/qiskit_metal/tests/test_qgeometries.py", line 63, in test_qgeometry_element_columns
    import imp
ModuleNotFoundError: No module named 'imp'

----------------------------------------------------------------------
Ran 16 tests in 0.310s

FAILED (errors=1)
test_draw_basic_buffer (__main__.TestDraw.test_draw_basic_buffer)
Test buffer in basic.py. ... ok
test_draw_basic_flip_merge (__main__.TestDraw.test_draw_basic_flip_merge)
Test flip_merge in basic.py. ... ok
test_draw_basic_is_rectangle (__main__.TestDraw.test_draw_basic_is_rectangle)
Test is_rectangle in basic.py. ... ok
test_draw_basic_rectangle (__main__.TestDraw.test_draw_basic_rectangle)
Test rectangle in basic.py. ... ok
test_draw_basic_rotate (__main__.TestDraw.test_draw_basic_rotate)
Test rotate in basic.py. ... ok
test_draw_basic_rotate_position (__main__.TestDraw.test_draw_basic_rotate_position)
Test rotate_position in basic.py. ... ok
test_draw_basic_scale (__main__.TestDraw.test_draw_basic_scale)
Test scale in basic.py. ... ok
test_draw_basic_subtract (__main__.TestDraw.test_draw_basic_subtract)
Test subtract in basic.py. ... ok
test_draw_basic_translate (__main__.TestDraw.test_draw_basic_translate)
Test translate in basic.py. ... ok
test_draw_basic_union (__main__.TestDraw.test_draw_basic_union)
Test union in basic.py. ... ok
test_draw_get_distance (__main__.TestDraw.test_draw_get_distance)
Test the functionality of get_distance in utility.py. ... ok
test_draw_instantiate_vector (__main__.TestDraw.test_draw_instantiate_vector)
Test instantiation of Vector class. ... ok
test_draw_normed (__main__.TestDraw.test_draw_normed)
Test functionality of normed in utility.py. ... ok
test_draw_utility_array_chop (__main__.TestDraw.test_draw_utility_array_chop)
Test array_chop in utility.py. ... ok
test_draw_utility_check_duplicate_list (__main__.TestDraw.test_draw_utility_check_duplicate_list)
Test check_duplicate_list in utility.py. ... ok
test_draw_utility_flatten_all_filter (__main__.TestDraw.test_draw_utility_flatten_all_filter)
Test flatten_all_filter in utility.py. ... ok
test_draw_utility_get_all_geoms (__main__.TestDraw.test_draw_utility_get_all_geoms)
Test get_all_geoms in utility.py. ... ok
test_draw_utility_get_poly_pts (__main__.TestDraw.test_draw_utility_get_poly_pts)
Test get_poly_pts in utility.py. ... ok
test_draw_utility_intersect (__main__.TestDraw.test_draw_utility_intersect)
Test intersect in utility.py. ... ok
test_draw_utility_remove_colinear_pts (__main__.TestDraw.test_draw_utility_remove_colinear_pts)
Test remove_colinear_pts in utility.py. ... ok
test_draw_utility_vec_unit_planar (__main__.TestDraw.test_draw_utility_vec_unit_planar)
Test vec_unit_planar in utility.py. ... ok
test_draw_vec3d_add (__main__.TestDraw.test_draw_vec3d_add)
Test add in the Vec3D class in utility.py ... ok
test_draw_vec3d_angle_azimuth (__main__.TestDraw.test_draw_vec3d_angle_azimuth)
Test angle_azimuth in the Vec3D class in utility.py ... ok
test_draw_vec3d_angle_between (__main__.TestDraw.test_draw_vec3d_angle_between)
Test angle_between in the Vec3D class in utility.py ... ok
test_draw_vec3d_angle_elevation (__main__.TestDraw.test_draw_vec3d_angle_elevation)
Test angle_elevation in the Vec3D class in utility.py ... ok
test_draw_vec3d_cross (__main__.TestDraw.test_draw_vec3d_cross)
Test cross in the Vec3D class in utility.py ... ok
test_draw_vec3d_dot (__main__.TestDraw.test_draw_vec3d_dot)
Test dot in the Vec3D class in utility.py ... ok
test_draw_vec3d_get_distance (__main__.TestDraw.test_draw_vec3d_get_distance)
Test get_distance in the Vec3D class in utility.py ... ok
test_draw_vec3d_norm (__main__.TestDraw.test_draw_vec3d_norm)
Test norm in the Vec3D class in utility.py ... ok
test_draw_vec3d_normed (__main__.TestDraw.test_draw_vec3d_normed)
Test normed in the Vec3D class in utility.py ... ok
test_draw_vec3d_rotate (__main__.TestDraw.test_draw_vec3d_rotate)
Test rotate in the Vec3D class in utility.py ... ok
test_draw_vec3d_scale (__main__.TestDraw.test_draw_vec3d_scale)
Test scale in the Vec3D class in utility.py ... ok
test_draw_vec3d_snap_unit_vector (__main__.TestDraw.test_draw_vec3d_snap_unit_vector)
Test snap_unit_vector in Vec3D class in utility.py. ... ok
test_draw_vec3d_sub (__main__.TestDraw.test_draw_vec3d_sub)
Test sub in the Vec3D class in utility.py ... ok
test_draw_vec3d_translate (__main__.TestDraw.test_draw_vec3d_translate)
Test translate in the Vec3D class in utility.py ... ok
test_draw_vec3d_two_points_described (__main__.TestDraw.test_draw_vec3d_two_points_described)
Test two_points_described in Vec3D class in utility.py. ... ok
test_draw_vector_add_z (__main__.TestDraw.test_draw_vector_add_z)
Test add_z in Vector class in utility.py. ... ok
test_draw_vector_angle_between (__main__.TestDraw.test_draw_vector_angle_between)
Test angle_between in Vector class in utility.py. ... ok
test_draw_vector_are_same (__main__.TestDraw.test_draw_vector_are_same)
Test are_same in Vector class in utility.py. ... ok
test_draw_vector_is_zero (__main__.TestDraw.test_draw_vector_is_zero)
Test is_zero in Vector class in utility.py. ... ok
test_draw_vector_norm (__main__.TestDraw.test_draw_vector_norm)
Test norm in Vector class in utility.py. ... ok
test_draw_vector_normal_z (__main__.TestDraw.test_draw_vector_normal_z)
Test that normal_z in Vector class was not accidentally changed. ... ok
test_draw_vector_rotate (__main__.TestDraw.test_draw_vector_rotate)
Test rotate in the Vector class in utility.py. ... ok
test_draw_vector_rotate_around_point (__main__.TestDraw.test_draw_vector_rotate_around_point)
Test rotate_around_point in the Vector class in utility.py. ... ok
test_draw_vector_snap_unit_vector (__main__.TestDraw.test_draw_vector_snap_unit_vector)
Test snap_unit_vector in Vector class in utility.py. ... ok
test_draw_vector_two_points_described (__main__.TestDraw.test_draw_vector_two_points_described)
Test two_points_described in Vector class in utility.py. ... ok

----------------------------------------------------------------------
Ran 46 tests in 0.004s

OK
test_qlibrary_instantiate_basequbit (__main__.TestComponentInstantiation.test_qlibrary_instantiate_basequbit)
Test the instantiation of basequbit. ... 02:35PM 13s ERROR [rebuild]: ERROR in building component name=my_name, error=
02:35PM 13s ERROR [rebuild]: ERROR in building component name=my_name2, error=
ok
test_qlibrary_instantiate_circle_caterpillar (__main__.TestComponentInstantiation.test_qlibrary_instantiate_circle_caterpillar)
Test the instantiation of CircleCaterpillar. ... ok
test_qlibrary_instantiate_circle_raster (__main__.TestComponentInstantiation.test_qlibrary_instantiate_circle_raster)
Test the instantiation of CircleRaster. ... ok
test_qlibrary_instantiate_cpw_finger_cap (__main__.TestComponentInstantiation.test_qlibrary_instantiate_cpw_finger_cap)
Test the instantiation of CapNInterdigital. ... ok
test_qlibrary_instantiate_cpw_hanger_t (__main__.TestComponentInstantiation.test_qlibrary_instantiate_cpw_hanger_t)
Test the instantiation of CoupledLineTee. ... ok
test_qlibrary_instantiate_cpw_t (__main__.TestComponentInstantiation.test_qlibrary_instantiate_cpw_t)
Test the instantiation of LineTee. ... ok
test_qlibrary_instantiate_cpw_t_finger_cap (__main__.TestComponentInstantiation.test_qlibrary_instantiate_cpw_t_finger_cap)
Test the instantiation of CapNInterdigitalTee. ... ok
test_qlibrary_instantiate_launch_v1 (__main__.TestComponentInstantiation.test_qlibrary_instantiate_launch_v1)
Test the instantiation of LaunchpadWirebond. ... ok
test_qlibrary_instantiate_launch_v2 (__main__.TestComponentInstantiation.test_qlibrary_instantiate_launch_v2)
Test the instantiation of LaunchpadWirebondCoupled. ... ok
test_qlibrary_instantiate_my_q_component (__main__.TestComponentInstantiation.test_qlibrary_instantiate_my_q_component)
Test the instantiation of MyQComponent. ... ok
test_qlibrary_instantiate_n_gon (__main__.TestComponentInstantiation.test_qlibrary_instantiate_n_gon)
Test the instantiation of NGon. ... ok
test_qlibrary_instantiate_n_square_spiral (__main__.TestComponentInstantiation.test_qlibrary_instantiate_n_square_spiral)
Test the instantiation of NSquareSpiral. ... ok
test_qlibrary_instantiate_open_to_ground (__main__.TestComponentInstantiation.test_qlibrary_instantiate_open_to_ground)
Test the instantiation of openToGround. ... ok
test_qlibrary_instantiate_q_route (__main__.TestComponentInstantiation.test_qlibrary_instantiate_q_route)
Test the instantiation of QRoute. ... 02:35PM 13s WARNING [__init__]: Component  does not exist. test_qroute has not been built. Please check your pin_input values.
ok
test_qlibrary_instantiate_q_route_lead (__main__.TestComponentInstantiation.test_qlibrary_instantiate_q_route_lead)
Test the instantiation of QRouteLead. ... ok
test_qlibrary_instantiate_q_route_point (__main__.TestComponentInstantiation.test_qlibrary_instantiate_q_route_point)
Test the instantiation of QRoutePoint. ... ok
test_qlibrary_instantiate_qcomponent (__main__.TestComponentInstantiation.test_qlibrary_instantiate_qcomponent)
Test the instantiaion of QComponent. ... 02:35PM 13s ERROR [rebuild]: ERROR in building component name=my_name, error=
02:35PM 13s ERROR [rebuild]: ERROR in building component name=my_name2, error=
ok
test_qlibrary_instantiate_rectangle (__main__.TestComponentInstantiation.test_qlibrary_instantiate_rectangle)
Test the instantiation of Rectangle. ... ok
test_qlibrary_instantiate_rectangle_hollow (__main__.TestComponentInstantiation.test_qlibrary_instantiate_rectangle_hollow)
Test the instantiation of RectangleHollow. ... ok
test_qlibrary_instantiate_resonator_rectangle_spiral (__main__.TestComponentInstantiation.test_qlibrary_instantiate_resonator_rectangle_spiral)
Test the instantiation of ResonatorCoilRect. ... ok
test_qlibrary_instantiate_route_anchors (__main__.TestComponentInstantiation.test_qlibrary_instantiate_route_anchors)
Test the instantiation of RouteAnchors. ... 02:35PM 13s WARNING [__init__]: Component  does not exist. my_name2 has not been built. Please check your pin_input values.
02:35PM 13s WARNING [__init__]: Component  does not exist. my_name3 has not been built. Please check your pin_input values.
ok
test_qlibrary_instantiate_route_frame_path (__main__.TestComponentInstantiation.test_qlibrary_instantiate_route_frame_path)
Test the instantiation of RouteFramed. ... ok
test_qlibrary_instantiate_route_meander (__main__.TestComponentInstantiation.test_qlibrary_instantiate_route_meander)
Test the instantiation of RouteMeander. ... ok
test_qlibrary_instantiate_route_mixed (__main__.TestComponentInstantiation.test_qlibrary_instantiate_route_mixed)
Test the instantiation of RouteMixed. ... ok
test_qlibrary_instantiate_route_pathfinder (__main__.TestComponentInstantiation.test_qlibrary_instantiate_route_pathfinder)
Test the instantiation of RoutePathfinder. ... 02:35PM 13s WARNING [__init__]: Component  does not exist. my_name2 has not been built. Please check your pin_input values.
02:35PM 13s WARNING [__init__]: Component  does not exist. my_name3 has not been built. Please check your pin_input values.
ok
test_qlibrary_instantiate_route_straight (__main__.TestComponentInstantiation.test_qlibrary_instantiate_route_straight)
Test the instantiation of RouteStraight. ... 02:35PM 13s WARNING [__init__]: Component  does not exist. my_name2 has not been built. Please check your pin_input values.
02:35PM 13s WARNING [__init__]: Component  does not exist. my_name3 has not been built. Please check your pin_input values.
ok
test_qlibrary_instantiate_short_to_ground (__main__.TestComponentInstantiation.test_qlibrary_instantiate_short_to_ground)
Test the instantiation of shortToGround. ... ok
test_qlibrary_instantiate_three_finger_cap_v1 (__main__.TestComponentInstantiation.test_qlibrary_instantiate_three_finger_cap_v1)
Test the instantiation of Cap3Interdigital. ... ok
test_qlibrary_qubits_jj_dolan_instantiate (__main__.TestComponentInstantiation.test_qlibrary_qubits_jj_dolan_instantiate)
Test the instantiaion of jj_dolan. ... ok
test_qlibrary_qubits_jj_manhattan_instantiate (__main__.TestComponentInstantiation.test_qlibrary_qubits_jj_manhattan_instantiate)
Test the instantiaion of jj_dolan. ... ok
test_qlibrary_qubits_squid_loop (__main__.TestComponentInstantiation.test_qlibrary_qubits_squid_loop)
Test the instantiation of SQUID_LOOP. ... ok
test_qlibrary_qubits_star_qubit (__main__.TestComponentInstantiation.test_qlibrary_qubits_star_qubit)
Test the instantiation of StarQubit. ... ok
test_qlibrary_qubits_transmon_concentric (__main__.TestComponentInstantiation.test_qlibrary_qubits_transmon_concentric)
Test the instantiation of TransmonConcentric. ... ok
test_qlibrary_qubits_transmon_cross (__main__.TestComponentInstantiation.test_qlibrary_qubits_transmon_cross)
Test the instantiation of TransmonCross. ... ok
test_qlibrary_qubits_transmon_cross_fl (__main__.TestComponentInstantiation.test_qlibrary_qubits_transmon_cross_fl)
Test the instantiation of TransmonCrossFL. ... ok
test_qlibrary_qubits_transmon_pocket (__main__.TestComponentInstantiation.test_qlibrary_qubits_transmon_pocket)
Test the instantiation of TransmonPocket. ... ok
test_qlibrary_qubits_transmon_pocket_6 (__main__.TestComponentInstantiation.test_qlibrary_qubits_transmon_pocket_6)
Test the instantiation of TransmonPocket6. ... ok
test_qlibrary_qubits_transmon_pocket_cl (__main__.TestComponentInstantiation.test_qlibrary_qubits_transmon_pocket_cl)
Test the instantiation of TransmonPocketCL. ... ok
test_qlibrary_qubits_transmon_pocket_teeth (__main__.TestComponentInstantiation.test_qlibrary_qubits_transmon_pocket_teeth)
Test the instantiation of TransmonPocketTeeth. ... ok
test_qlibrary_qubits_tunable_coupler_01 (__main__.TestComponentInstantiation.test_qlibrary_qubits_tunable_coupler_01)
Test the instantiation of TunableCoupler01. ... ok

----------------------------------------------------------------------
Ran 40 tests in 0.829s

OK
test_analyses_cpw_effective_dielectric_constant (__main__.TestAnalyses.test_analyses_cpw_effective_dielectric_constant)
Test the functionality of effective_dielectric_constant in ... ok
test_analyses_cpw_elliptic_int_constants (__main__.TestAnalyses.test_analyses_cpw_elliptic_int_constants)
Test the functionality of elliptic_int_constants in ... ok
test_analyses_cpw_guided_wavelength (__main__.TestAnalyses.test_analyses_cpw_guided_wavelength)
Test the functionality of guided_wavelength in ... ok
test_analyses_cpw_lumped_cpw (__main__.TestAnalyses.test_analyses_cpw_lumped_cpw)
Test the functionality of lumped_cpw in cpw_calculations.py. ... ok
test_analyses_hamiltonian_ho_wavefunction (__main__.TestAnalyses.test_analyses_hamiltonian_ho_wavefunction)
Test the wavefunction function in the HO_waefunction.py file. ... ok
test_analyses_lumped_chargeline_t1 (__main__.TestAnalyses.test_analyses_lumped_chargeline_t1)
Test the functionality of chargeline_T1 in lumped_capacitives.py. ... ok
test_analyses_lumped_chi (__main__.TestAnalyses.test_analyses_lumped_chi)
Test the functionality of chi in lumped_capacitives.py. ... ok
test_analyses_lumped_cos_to_mega_and_delta (__main__.TestAnalyses.test_analyses_lumped_cos_to_mega_and_delta)
Test the functionality of cos_to_mega_and_delta in ... ok
test_analyses_lumped_df_reorder_matrix_basis (__main__.TestAnalyses.test_analyses_lumped_df_reorder_matrix_basis)
Test the functionality of df_reorder_matrix_basis in ... ok
test_analyses_lumped_get_c_and_ic (__main__.TestAnalyses.test_analyses_lumped_get_c_and_ic)
Test the functionality of get_C_and_Ic in lumped_capacitives.py. ... ok
test_analyses_lumped_levels_vs_ng_real_units (__main__.TestAnalyses.test_analyses_lumped_levels_vs_ng_real_units)
Test the functionality of levels_vs_ng_real_units in ... ok
test_analyses_lumped_load_q3d_capacitance_matrix (__main__.TestAnalyses.test_analyses_lumped_load_q3d_capacitance_matrix)
Test the functionality of load_q3d_capacitance_matrix in ... ok
test_analyses_lumped_move_index_to (__main__.TestAnalyses.test_analyses_lumped_move_index_to)
Test the functionality of move_index_to in lumped_capacitives.py. ... ok
test_analyses_lumped_readin_q3d_matrix (__main__.TestAnalyses.test_analyses_lumped_readin_q3d_matrix)
Test the functionality of readin_q3d_matrix in ... ok
test_analyses_lumped_transmon_props (__main__.TestAnalyses.test_analyses_lumped_transmon_props)
Test the functionality of lumped_transmon_props in ... ok
test_analysis_kappa_calculation_kappa_in (__main__.TestAnalyses.test_analysis_kappa_calculation_kappa_in)
Test the kappa_in function in kappa_calculation.py. ... ok
test_analysis_lumped_ic_from_ej (__main__.TestAnalyses.test_analysis_lumped_ic_from_ej)
Test the Ic_from_Ej function in lumped_capacitives.py. ... ok
test_analysis_lumped_ic_from_lj (__main__.TestAnalyses.test_analysis_lumped_ic_from_lj)
Test the Ic_from_Lj function in lumped_capacitives.py. ... ok
test_analysis_sweeper_option_value (__main__.TestAnalyses.test_analysis_sweeper_option_value)
Test the option_value function in the Sweeper class ... ok
test_analysis_transmon_charge_basis_anharm (__main__.TestAnalyses.test_analysis_transmon_charge_basis_anharm)
Test the anharm function in the Hcpb class. ... ok
test_analysis_transmon_charge_basis_evaluek (__main__.TestAnalyses.test_analysis_transmon_charge_basis_evaluek)
Test the evaluek function in the Hcpb class. ... ok
test_analysis_transmon_charge_basis_evec_k (__main__.TestAnalyses.test_analysis_transmon_charge_basis_evec_k)
Test the evec_k function in the Hcpb class. ... ok
test_analysis_transmon_charge_basis_fij (__main__.TestAnalyses.test_analysis_transmon_charge_basis_fij)
Test the fij function in the Hcpb class. ... ok
test_analysis_transmon_charge_basis_n_ij (__main__.TestAnalyses.test_analysis_transmon_charge_basis_n_ij)
Test the n_ij function in the Hcpb class. ... ok

----------------------------------------------------------------------
Ran 24 tests in 5.730s

OK
         Current function value: 0.000000
         Iterations: 37
         Function evaluations: 312
         Gradient evaluations: 100
====> Running the entire test suite now...
Running  test_default_options.py  tests...

Running  test_analyses_1_inst_options.py  tests...

Running  test_qlibrary_2_options.py  tests...

Running  test_toolbox_python.py  tests...

Running  test_gui_basic.py  tests...

Running  test_qlibrary_3_functionality.py  tests...

Running  test_designs.py  tests...

Running  test_renderers.py  tests...

Running  test_toolbox_metal.py  tests...

Running  test_speed.py  tests...

Running  test_qgeometries.py  tests...

Running  test_draw.py  tests...

Running  test_qlibrary_1_instantiate.py  tests...

Running  test_analyses_2_functionality.py  tests...

All tests complete
One or more tests have FAILED!
Scroll up to review the results
